<?xml version="1.0" encoding="UTF-8"?>
<!-- Generated by org.testng.reporters.JUnitXMLReporter -->
<testsuite hostname="MTLP-983" ignored="0" name="Test" tests="4" failures="0" timestamp="2021-05-25T17:58:39 IST" time="193.071" errors="0">
  <testcase name="sendLiveScore" time="41.938" classname="com.whatsapp.report.LiveScore"/>
  <testcase name="searchByLocation" time="62.194" classname="com.whatsapp.report.AccuLocationWeather"/>
  <testcase name="accuWeather" time="28.253" classname="com.whatsapp.report.AccuWeatherReport"/>
  <testcase name="sendWhatsappMessage" time="58.652" classname="com.whatsapp.report.AccuWeatherReport"/>
</testsuite> <!-- Test -->
